Сборка начата 26.09.2020 22:54:17.
Уровень детализации журнала: Normal.     1>Проект "D:\мои документы\лабы\Языки программирования\lab14\LPLab14(1)\LPLab14(1)\LPLab14(1).vcxproj" в узле 2 (целевые объекты Build).
     1>InitializeBuildStatus:
         Создание "Debug\LPLab14(1).tlog\unsuccessfulbuild", так как было задано "AlwaysCreate".
       ClCompile:
         C:\Program Files (x86)\Microsoft Visual Studio\2019\Enterprise\VC\Tools\MSVC\14.27.29110\bin\HostX86\x86\CL.exe /c /ZI /JMC /nologo /W3 /WX- /diagnostics:column /sdl /Od /Oy- /D WIN32 /D _DEBUG /D _CONSOLE /D _UNICODE /D UNICODE /Gm- /EHsc /RTC1 /MDd /GS /fp:precise /permissive- /Zc:wchar_t /Zc:forScope /Zc:inline /Fo"Debug\\" /Fd"Debug\vc142.pdb" /Gd /TP /analyze- /FC /errorReport:prompt LAnaliz.cpp
         LAnaliz.cpp
     1>D:\мои документы\лабы\Языки программирования\lab14\LPLab14(1)\LPLab14(1)\LAnaliz.cpp(159,19): warning C4018: <: несоответствие типов со знаком и без знака
     1>D:\мои документы\лабы\Языки программирования\lab14\LPLab14(1)\LPLab14(1)\LAnaliz.cpp(188,24): warning C4018: <: несоответствие типов со знаком и без знака
       Link:
         C:\Program Files (x86)\Microsoft Visual Studio\2019\Enterprise\VC\Tools\MSVC\14.27.29110\bin\HostX86\x86\link.exe /ERRORREPORT:PROMPT /OUT:"D:\мои документы\лабы\Языки программирования\lab14\LPLab14(1)\Debug\LPLab14(1).exe" /INCREMENTAL /NOLOGO kernel32.lib user32.lib gdi32.lib winspool.lib comdlg32.lib advapi32.lib shell32.lib ole32.lib oleaut32.lib uuid.lib odbc32.lib odbccp32.lib /MANIFEST /MANIFESTUAC:"level='asInvoker' uiAccess='false'" /manifest:embed /DEBUG:FASTLINK /PDB:"D:\мои документы\лабы\Языки программирования\lab14\LPLab14(1)\Debug\LPLab14(1).pdb" /SUBSYSTEM:CONSOLE /TLBID:1 /DYNAMICBASE /NXCOMPAT /IMPLIB:"D:\мои документы\лабы\Языки программирования\lab14\LPLab14(1)\Debug\LPLab14(1).lib" /MACHINE:X86 Debug\Error.obj
         Debug\FST.obj
         Debug\In.obj
         Debug\IT.obj
         Debug\LAnaliz.obj
         Debug\Log.obj
         "Debug\LPLab14(1).obj"
         Debug\Parm.obj
         Debug\LT.obj
         LPLab14(1).vcxproj -> D:\мои документы\лабы\Языки программирования\lab14\LPLab14(1)\Debug\LPLab14(1).exe
       FinalizeBuildStatus:
         Файл "Debug\LPLab14(1).tlog\unsuccessfulbuild" удаляется.
         Обращение к "Debug\LPLab14(1).tlog\LPLab14(1).lastbuildstate".
     1>Сборка проекта "D:\мои документы\лабы\Языки программирования\lab14\LPLab14(1)\LPLab14(1)\LPLab14(1).vcxproj" завершена (целевые объекты Build).

Сборка успешно завершена.

       "D:\мои документы\лабы\Языки программирования\lab14\LPLab14(1)\LPLab14(1)\LPLab14(1).vcxproj" (целевой объект Build ) (1) ->
       (Целевой объект ClCompile) -> 
         D:\мои документы\лабы\Языки программирования\lab14\LPLab14(1)\LPLab14(1)\LAnaliz.cpp(159,19): warning C4018: <: несоответствие типов со знаком и без знака
         D:\мои документы\лабы\Языки программирования\lab14\LPLab14(1)\LPLab14(1)\LAnaliz.cpp(188,24): warning C4018: <: несоответствие типов со знаком и без знака

    Предупреждений: 2
    Ошибок: 0

Прошло времени 00:00:01.44
