Сборка начата 28.10.2020 15:39:50.
Уровень детализации журнала: Normal.     1>Проект "D:\GIT\laborWork\LPLab16\LPLab16\LPLab16.vcxproj" в узле 2 (целевые объекты Build).
     1>InitializeBuildStatus:
         Создание "Debug\LPLab16.tlog\unsuccessfulbuild", так как было задано "AlwaysCreate".
       ClCompile:
         C:\Program Files (x86)\Microsoft Visual Studio\2019\Enterprise\VC\Tools\MSVC\14.27.29110\bin\HostX86\x86\CL.exe /c /ZI /JMC /nologo /W3 /WX- /diagnostics:column /sdl /Od /Oy- /D WIN32 /D _DEBUG /D _CONSOLE /D _UNICODE /D UNICODE /Gm- /EHsc /RTC1 /MDd /GS /fp:precise /permissive- /Zc:wchar_t /Zc:forScope /Zc:inline /Fo"Debug\\" /Fd"Debug\vc142.pdb" /Gd /TP /analyze- /FC /errorReport:prompt LPLab16.cpp
         LPLab16.cpp
       Link:
         C:\Program Files (x86)\Microsoft Visual Studio\2019\Enterprise\VC\Tools\MSVC\14.27.29110\bin\HostX86\x86\link.exe /ERRORREPORT:PROMPT /OUT:"D:\GIT\laborWork\LPLab16\Debug\LPLab16.exe" /INCREMENTAL /NOLOGO kernel32.lib user32.lib gdi32.lib winspool.lib comdlg32.lib advapi32.lib shell32.lib ole32.lib oleaut32.lib uuid.lib odbc32.lib odbccp32.lib /MANIFEST /MANIFESTUAC:"level='asInvoker' uiAccess='false'" /manifest:embed /DEBUG:FASTLINK /PDB:"D:\GIT\laborWork\LPLab16\Debug\LPLab16.pdb" /SUBSYSTEM:CONSOLE /TLBID:1 /DYNAMICBASE /NXCOMPAT /IMPLIB:"D:\GIT\laborWork\LPLab16\Debug\LPLab16.lib" /MACHINE:X86 Debug\Error.obj
         Debug\FST.obj
         Debug\GRB.obj
         Debug\In.obj
         Debug\IT.obj
         Debug\LAnaliz.obj
         Debug\Log.obj
         Debug\LPLab16.obj
         Debug\LT.obj
         Debug\MFST.obj
         Debug\Parm.obj
         LPLab16.vcxproj -> D:\GIT\laborWork\LPLab16\Debug\LPLab16.exe
       FinalizeBuildStatus:
         Файл "Debug\LPLab16.tlog\unsuccessfulbuild" удаляется.
         Обращение к "Debug\LPLab16.tlog\LPLab16.lastbuildstate".
     1>Сборка проекта "D:\GIT\laborWork\LPLab16\LPLab16\LPLab16.vcxproj" завершена (целевые объекты Build).

Сборка успешно завершена.
    Предупреждений: 0
    Ошибок: 0

Прошло времени 00:00:01.34
